<?xml version="1.0" encoding="UTF-8"?>
<robot generator="Robot 7.3.2 (Python 3.10.12 on linux)" generated="2025-12-15T15:39:41.146844" rpa="false" schemaversion="5">
<suite id="s1" name="Search Tests" source="/home/ahmed/Desktop/projetTest/ecommerce_project/tests/search_tests.robot">
<test id="s1-t1" name="Search For Existing Product" line="10">
<kw name="Open Browser To Home Page" owner="resources">
<kw name="Open Browser" owner="SeleniumLibrary">
<msg time="2025-12-15T15:39:41.353911" level="INFO">Opening browser 'Chrome' to base url 'file:///home/ahmed/Desktop/projetTest/ecommerce_project/website/index.html'.</msg>
<arg>${HOME URL}</arg>
<arg>${BROWSER}</arg>
<doc>Opens a new browser instance to the optional ``url``.</doc>
<status status="PASS" start="2025-12-15T15:39:41.353518" elapsed="3.529694"/>
</kw>
<kw name="Maximize Browser Window" owner="SeleniumLibrary">
<doc>Maximizes current browser window.</doc>
<status status="PASS" start="2025-12-15T15:39:44.884245" elapsed="0.042950"/>
</kw>
<kw name="Set Selenium Speed" owner="SeleniumLibrary">
<arg>${DELAY}</arg>
<doc>Sets the delay that is waited after each Selenium command.</doc>
<status status="PASS" start="2025-12-15T15:39:44.927568" elapsed="0.000614"/>
</kw>
<kw name="Title Should Be" owner="SeleniumLibrary">
<msg time="2025-12-15T15:39:45.449261" level="INFO">Page title is 'E-commerce | Next Gen Tech'.</msg>
<arg>E-commerce | Next Gen Tech</arg>
<doc>Verifies that the current page title equals ``title``.</doc>
<status status="PASS" start="2025-12-15T15:39:44.928522" elapsed="0.521094"/>
</kw>
<status status="PASS" start="2025-12-15T15:39:41.352437" elapsed="4.097463"/>
</kw>
<kw name="Input Search Term" owner="resources">
<kw name="Input Text" owner="SeleniumLibrary">
<msg time="2025-12-15T15:39:45.454147" level="INFO">Typing text 'E-commerce' into text field 'id:search-input'.</msg>
<arg>id:search-input</arg>
<arg>${term}</arg>
<doc>Types the given ``text`` into the text field identified by ``locator``.</doc>
<status status="PASS" start="2025-12-15T15:39:45.452387" elapsed="1.728912"/>
</kw>
<arg>E-commerce</arg>
<status status="PASS" start="2025-12-15T15:39:45.450394" elapsed="1.731166"/>
</kw>
<kw name="Verify Product Visible" owner="resources">
<kw name="Wait Until Element Is Visible" owner="SeleniumLibrary">
<msg time="2025-12-15T15:39:53.775276" level="INFO" html="true">&lt;/td&gt;&lt;/tr&gt;&lt;tr&gt;&lt;td colspan="3"&gt;&lt;a href="selenium-screenshot-5.png"&gt;&lt;img src="selenium-screenshot-5.png" width="800px"&gt;&lt;/a&gt;</msg>
<msg time="2025-12-15T15:39:53.775524" level="FAIL">Element 'xpath=//h3[contains(text(), 'E-commerce X1 Laptop')]' not visible after 5 seconds.</msg>
<arg>xpath=//h3[contains(text(), '${product_name}')]</arg>
<doc>Waits until the element ``locator`` is visible.</doc>
<status status="FAIL" start="2025-12-15T15:39:47.183256" elapsed="6.601025">Element 'xpath=//h3[contains(text(), 'E-commerce X1 Laptop')]' not visible after 5 seconds.</status>
</kw>
<kw name="Element Should Be Visible" owner="SeleniumLibrary">
<arg>xpath=//h3[contains(text(), '${product_name}')]</arg>
<doc>Verifies that the element identified by ``locator`` is visible.</doc>
<status status="NOT RUN" start="2025-12-15T15:39:53.784736" elapsed="0.000084"/>
</kw>
<arg>E-commerce X1 Laptop</arg>
<status status="FAIL" start="2025-12-15T15:39:47.182257" elapsed="6.602848">Element 'xpath=//h3[contains(text(), 'E-commerce X1 Laptop')]' not visible after 5 seconds.</status>
</kw>
<kw name="Verify Product Not Visible" owner="resources">
<arg>Sonic Pro Headphones</arg>
<status status="NOT RUN" start="2025-12-15T15:39:53.785574" elapsed="0.000088"/>
</kw>
<kw name="Close The Browser" owner="resources" type="TEARDOWN">
<kw name="Close Browser" owner="SeleniumLibrary">
<doc>Closes the current browser.</doc>
<status status="PASS" start="2025-12-15T15:39:53.786819" elapsed="0.590555"/>
</kw>
<status status="PASS" start="2025-12-15T15:39:53.786237" elapsed="0.591441"/>
</kw>
<doc>Test searching for a product that exists in the catalog.</doc>
<status status="FAIL" start="2025-12-15T15:39:41.351241" elapsed="13.026664">Element 'xpath=//h3[contains(text(), 'E-commerce X1 Laptop')]' not visible after 5 seconds.</status>
</test>
<test id="s1-t2" name="Search For Category" line="17">
<kw name="Open Browser To Home Page" owner="resources">
<kw name="Open Browser" owner="SeleniumLibrary">
<msg time="2025-12-15T15:39:54.381604" level="INFO">Opening browser 'Chrome' to base url 'file:///home/ahmed/Desktop/projetTest/ecommerce_project/website/index.html'.</msg>
<arg>${HOME URL}</arg>
<arg>${BROWSER}</arg>
<doc>Opens a new browser instance to the optional ``url``.</doc>
<status status="PASS" start="2025-12-15T15:39:54.381213" elapsed="2.848546"/>
</kw>
<kw name="Maximize Browser Window" owner="SeleniumLibrary">
<doc>Maximizes current browser window.</doc>
<status status="PASS" start="2025-12-15T15:39:57.230087" elapsed="0.555406"/>
</kw>
<kw name="Set Selenium Speed" owner="SeleniumLibrary">
<arg>${DELAY}</arg>
<doc>Sets the delay that is waited after each Selenium command.</doc>
<status status="PASS" start="2025-12-15T15:39:57.785777" elapsed="0.000541"/>
</kw>
<kw name="Title Should Be" owner="SeleniumLibrary">
<msg time="2025-12-15T15:39:58.297192" level="INFO">Page title is 'E-commerce | Next Gen Tech'.</msg>
<arg>E-commerce | Next Gen Tech</arg>
<doc>Verifies that the current page title equals ``title``.</doc>
<status status="PASS" start="2025-12-15T15:39:57.786629" elapsed="0.510730"/>
</kw>
<status status="PASS" start="2025-12-15T15:39:54.380624" elapsed="3.916876"/>
</kw>
<kw name="Input Search Term" owner="resources">
<kw name="Input Text" owner="SeleniumLibrary">
<msg time="2025-12-15T15:39:58.298706" level="INFO">Typing text 'Audio' into text field 'id:search-input'.</msg>
<arg>id:search-input</arg>
<arg>${term}</arg>
<doc>Types the given ``text`` into the text field identified by ``locator``.</doc>
<status status="PASS" start="2025-12-15T15:39:58.298413" elapsed="1.675887"/>
</kw>
<arg>Audio</arg>
<status status="PASS" start="2025-12-15T15:39:58.297874" elapsed="1.676681"/>
</kw>
<kw name="Verify Product Visible" owner="resources">
<kw name="Wait Until Element Is Visible" owner="SeleniumLibrary">
<arg>xpath=//h3[contains(text(), '${product_name}')]</arg>
<doc>Waits until the element ``locator`` is visible.</doc>
<status status="PASS" start="2025-12-15T15:39:59.975700" elapsed="1.038557"/>
</kw>
<kw name="Element Should Be Visible" owner="SeleniumLibrary">
<msg time="2025-12-15T15:40:02.039197" level="INFO">Element 'xpath=//h3[contains(text(), 'Sonic Pro Headphones')]' is displayed.</msg>
<arg>xpath=//h3[contains(text(), '${product_name}')]</arg>
<doc>Verifies that the element identified by ``locator`` is visible.</doc>
<status status="PASS" start="2025-12-15T15:40:01.014518" elapsed="1.024886"/>
</kw>
<arg>Sonic Pro Headphones</arg>
<status status="PASS" start="2025-12-15T15:39:59.975029" elapsed="2.064573"/>
</kw>
<kw name="Verify Product Visible" owner="resources">
<kw name="Wait Until Element Is Visible" owner="SeleniumLibrary">
<arg>xpath=//h3[contains(text(), '${product_name}')]</arg>
<doc>Waits until the element ``locator`` is visible.</doc>
<status status="PASS" start="2025-12-15T15:40:02.040647" elapsed="1.035641"/>
</kw>
<kw name="Element Should Be Visible" owner="SeleniumLibrary">
<msg time="2025-12-15T15:40:04.097190" level="INFO">Element 'xpath=//h3[contains(text(), 'BassBoom Speaker')]' is displayed.</msg>
<arg>xpath=//h3[contains(text(), '${product_name}')]</arg>
<doc>Verifies that the element identified by ``locator`` is visible.</doc>
<status status="PASS" start="2025-12-15T15:40:03.076654" elapsed="1.020738"/>
</kw>
<arg>BassBoom Speaker</arg>
<status status="PASS" start="2025-12-15T15:40:02.040024" elapsed="2.057568"/>
</kw>
<kw name="Verify Product Not Visible" owner="resources">
<kw name="Element Should Not Be Visible" owner="SeleniumLibrary">
<msg time="2025-12-15T15:40:04.616581" level="INFO">Element 'xpath=//h3[contains(text(), 'E-commerce X1 Laptop')]' did not exist.</msg>
<arg>xpath=//h3[contains(text(), '${product_name}')]</arg>
<doc>Verifies that the element identified by ``locator`` is NOT visible.</doc>
<status status="PASS" start="2025-12-15T15:40:04.098995" elapsed="0.517811"/>
</kw>
<arg>E-commerce X1 Laptop</arg>
<status status="PASS" start="2025-12-15T15:40:04.098055" elapsed="0.519057"/>
</kw>
<kw name="Close The Browser" owner="resources" type="TEARDOWN">
<kw name="Close Browser" owner="SeleniumLibrary">
<doc>Closes the current browser.</doc>
<status status="PASS" start="2025-12-15T15:40:04.618631" elapsed="0.580249"/>
</kw>
<status status="PASS" start="2025-12-15T15:40:04.617818" elapsed="0.581259"/>
</kw>
<doc>Test searching for a category (e.g., 'Audio').</doc>
<status status="PASS" start="2025-12-15T15:39:54.379443" elapsed="10.819829"/>
</test>
<test id="s1-t3" name="Search For Non-Existent Product" line="25">
<kw name="Open Browser To Home Page" owner="resources">
<kw name="Open Browser" owner="SeleniumLibrary">
<msg time="2025-12-15T15:40:05.201092" level="INFO">Opening browser 'Chrome' to base url 'file:///home/ahmed/Desktop/projetTest/ecommerce_project/website/index.html'.</msg>
<arg>${HOME URL}</arg>
<arg>${BROWSER}</arg>
<doc>Opens a new browser instance to the optional ``url``.</doc>
<status status="PASS" start="2025-12-15T15:40:05.200794" elapsed="2.677547"/>
</kw>
<kw name="Maximize Browser Window" owner="SeleniumLibrary">
<doc>Maximizes current browser window.</doc>
<status status="PASS" start="2025-12-15T15:40:07.878739" elapsed="0.557766"/>
</kw>
<kw name="Set Selenium Speed" owner="SeleniumLibrary">
<arg>${DELAY}</arg>
<doc>Sets the delay that is waited after each Selenium command.</doc>
<status status="PASS" start="2025-12-15T15:40:08.436891" elapsed="0.000623"/>
</kw>
<kw name="Title Should Be" owner="SeleniumLibrary">
<msg time="2025-12-15T15:40:08.950333" level="INFO">Page title is 'E-commerce | Next Gen Tech'.</msg>
<arg>E-commerce | Next Gen Tech</arg>
<doc>Verifies that the current page title equals ``title``.</doc>
<status status="PASS" start="2025-12-15T15:40:08.437832" elapsed="0.512972"/>
</kw>
<status status="PASS" start="2025-12-15T15:40:05.200423" elapsed="3.750886"/>
</kw>
<kw name="Input Search Term" owner="resources">
<kw name="Input Text" owner="SeleniumLibrary">
<msg time="2025-12-15T15:40:08.953399" level="INFO">Typing text 'Banana' into text field 'id:search-input'.</msg>
<arg>id:search-input</arg>
<arg>${term}</arg>
<doc>Types the given ``text`` into the text field identified by ``locator``.</doc>
<status status="PASS" start="2025-12-15T15:40:08.952827" elapsed="1.711453"/>
</kw>
<arg>Banana</arg>
<status status="PASS" start="2025-12-15T15:40:08.951924" elapsed="1.712610"/>
</kw>
<kw name="Verify No Results Message" owner="resources">
<kw name="Wait Until Element Is Visible" owner="SeleniumLibrary">
<arg>id:no-results</arg>
<doc>Waits until the element ``locator`` is visible.</doc>
<status status="PASS" start="2025-12-15T15:40:10.666278" elapsed="1.031207"/>
</kw>
<kw name="Element Should Be Visible" owner="SeleniumLibrary">
<msg time="2025-12-15T15:40:12.722871" level="INFO">Element 'id:no-results' is displayed.</msg>
<arg>id:no-results</arg>
<doc>Verifies that the element identified by ``locator`` is visible.</doc>
<status status="PASS" start="2025-12-15T15:40:11.697926" elapsed="1.025098"/>
</kw>
<kw name="Element Should Contain" owner="SeleniumLibrary">
<msg time="2025-12-15T15:40:13.764244" level="INFO">Element 'id:no-results' contains text 'No products found'.</msg>
<arg>id:no-results</arg>
<arg>No products found</arg>
<doc>Verifies that element ``locator`` contains text ``expected``.</doc>
<status status="PASS" start="2025-12-15T15:40:12.723262" elapsed="1.041288"/>
</kw>
<status status="PASS" start="2025-12-15T15:40:10.665046" elapsed="3.099892"/>
</kw>
<kw name="Close The Browser" owner="resources" type="TEARDOWN">
<kw name="Close Browser" owner="SeleniumLibrary">
<doc>Closes the current browser.</doc>
<status status="PASS" start="2025-12-15T15:40:13.767002" elapsed="0.573096"/>
</kw>
<status status="PASS" start="2025-12-15T15:40:13.766096" elapsed="0.574281"/>
</kw>
<doc>Test searching for a term that yields no results.</doc>
<status status="PASS" start="2025-12-15T15:40:05.199782" elapsed="9.140789"/>
</test>
<test id="s1-t4" name="Search Partial Match" line="31">
<kw name="Open Browser To Home Page" owner="resources">
<kw name="Open Browser" owner="SeleniumLibrary">
<msg time="2025-12-15T15:40:14.343316" level="INFO">Opening browser 'Chrome' to base url 'file:///home/ahmed/Desktop/projetTest/ecommerce_project/website/index.html'.</msg>
<arg>${HOME URL}</arg>
<arg>${BROWSER}</arg>
<doc>Opens a new browser instance to the optional ``url``.</doc>
<status status="PASS" start="2025-12-15T15:40:14.342763" elapsed="2.558656"/>
</kw>
<kw name="Maximize Browser Window" owner="SeleniumLibrary">
<doc>Maximizes current browser window.</doc>
<status status="PASS" start="2025-12-15T15:40:16.901764" elapsed="0.545547"/>
</kw>
<kw name="Set Selenium Speed" owner="SeleniumLibrary">
<arg>${DELAY}</arg>
<doc>Sets the delay that is waited after each Selenium command.</doc>
<status status="PASS" start="2025-12-15T15:40:17.447728" elapsed="0.000633"/>
</kw>
<kw name="Title Should Be" owner="SeleniumLibrary">
<msg time="2025-12-15T15:40:17.957189" level="INFO">Page title is 'E-commerce | Next Gen Tech'.</msg>
<arg>E-commerce | Next Gen Tech</arg>
<doc>Verifies that the current page title equals ``title``.</doc>
<status status="PASS" start="2025-12-15T15:40:17.448688" elapsed="0.508704"/>
</kw>
<status status="PASS" start="2025-12-15T15:40:14.342141" elapsed="3.615443"/>
</kw>
<kw name="Input Search Term" owner="resources">
<kw name="Input Text" owner="SeleniumLibrary">
<msg time="2025-12-15T15:40:17.958963" level="INFO">Typing text 'Watch' into text field 'id:search-input'.</msg>
<arg>id:search-input</arg>
<arg>${term}</arg>
<doc>Types the given ``text`` into the text field identified by ``locator``.</doc>
<status status="PASS" start="2025-12-15T15:40:17.958555" elapsed="1.652037"/>
</kw>
<arg>Watch</arg>
<status status="PASS" start="2025-12-15T15:40:17.957973" elapsed="1.652898"/>
</kw>
<kw name="Verify Product Visible" owner="resources">
<kw name="Wait Until Element Is Visible" owner="SeleniumLibrary">
<arg>xpath=//h3[contains(text(), '${product_name}')]</arg>
<doc>Waits until the element ``locator`` is visible.</doc>
<status status="PASS" start="2025-12-15T15:40:19.612303" elapsed="1.035027"/>
</kw>
<kw name="Element Should Be Visible" owner="SeleniumLibrary">
<msg time="2025-12-15T15:40:21.671018" level="INFO">Element 'xpath=//h3[contains(text(), 'Smart Watch Series 5')]' is displayed.</msg>
<arg>xpath=//h3[contains(text(), '${product_name}')]</arg>
<doc>Verifies that the element identified by ``locator`` is visible.</doc>
<status status="PASS" start="2025-12-15T15:40:20.647717" elapsed="1.023516"/>
</kw>
<arg>Smart Watch Series 5</arg>
<status status="PASS" start="2025-12-15T15:40:19.611516" elapsed="2.059912"/>
</kw>
<kw name="Close The Browser" owner="resources" type="TEARDOWN">
<kw name="Close Browser" owner="SeleniumLibrary">
<doc>Closes the current browser.</doc>
<status status="PASS" start="2025-12-15T15:40:21.672477" elapsed="0.582068"/>
</kw>
<status status="PASS" start="2025-12-15T15:40:21.671954" elapsed="0.582839"/>
</kw>
<doc>Test searching with a partial string.</doc>
<status status="PASS" start="2025-12-15T15:40:14.341146" elapsed="7.913847"/>
</test>
<doc>A test suite for the e-commerce search functionality.

This suite validates that the search bar correctly filters products
and displays the appropriate message when no results are found.</doc>
<status status="FAIL" start="2025-12-15T15:39:41.147941" elapsed="41.108053"/>
</suite>
<statistics>
<total>
<stat pass="3" fail="1" skip="0">All Tests</stat>
</total>
<tag>
</tag>
<suite>
<stat name="Search Tests" id="s1" pass="3" fail="1" skip="0">Search Tests</stat>
</suite>
</statistics>
<errors>
</errors>
</robot>
